<?xml version="1.0" encoding="UTF-8"?>
<!-- Generated by org.testng.reporters.JUnitReportReporter -->
<testsuite hostname="INGROINFO-PC10" failures="0" tests="1" name="MisReportDetail.TariffWise" time="24.655" errors="0" timestamp="2023-08-17T12:17:13 IST" skipped="0">
  <testcase classname="MisReportDetail.TariffWise" name="Tariff_wise" time="24.655"/>
</testsuite> <!-- MisReportDetail.TariffWise -->
