<?xml version="1.0" encoding="UTF-8"?>
<!-- Generated by org.testng.reporters.JUnitReportReporter -->
<testsuite hostname="INGROINFO-PC10" failures="0" tests="19" name="new_user_registration.KhataChanges" time="472.806" errors="0" timestamp="2023-07-21T16:53:58 IST" skipped="0">
  <testcase classname="new_user_registration.KhataChanges" name="khata_changes" time="25.277"/>
  <testcase classname="new_user_registration.KhataChanges" name="khata_changes" time="22.805"/>
  <testcase classname="new_user_registration.KhataChanges" name="khata_changes" time="25.156"/>
  <testcase classname="new_user_registration.KhataChanges" name="khata_changes" time="24.684"/>
  <testcase classname="new_user_registration.KhataChanges" name="khata_changes" time="25.196"/>
  <testcase classname="new_user_registration.KhataChanges" name="khata_changes" time="24.700"/>
  <testcase classname="new_user_registration.KhataChanges" name="khata_changes" time="28.651"/>
  <testcase classname="new_user_registration.KhataChanges" name="khata_changes" time="24.994"/>
  <testcase classname="new_user_registration.KhataChanges" name="khata_changes" time="25.266"/>
  <testcase classname="new_user_registration.KhataChanges" name="khata_changes" time="24.582"/>
  <testcase classname="new_user_registration.KhataChanges" name="khata_changes" time="24.960"/>
  <testcase classname="new_user_registration.KhataChanges" name="khata_changes" time="24.916"/>
  <testcase classname="new_user_registration.KhataChanges" name="khata_changes" time="25.076"/>
  <testcase classname="new_user_registration.KhataChanges" name="khata_changes" time="22.775"/>
  <testcase classname="new_user_registration.KhataChanges" name="khata_changes" time="25.289"/>
  <testcase classname="new_user_registration.KhataChanges" name="khata_changes" time="25.236"/>
  <testcase classname="new_user_registration.KhataChanges" name="khata_changes" time="25.015"/>
  <testcase classname="new_user_registration.KhataChanges" name="khata_changes" time="25.260"/>
  <testcase classname="new_user_registration.KhataChanges" name="khata_changes" time="22.968"/>
</testsuite> <!-- new_user_registration.KhataChanges -->
