<?xml version="1.0" encoding="UTF-8"?>
<!-- Generated by org.testng.reporters.JUnitReportReporter -->
<testsuite hostname="INGROINFO-PC10" failures="0" tests="19" name="new_user_registration.Rebate" time="390.428" errors="0" timestamp="2023-07-25T13:24:47 IST" skipped="0">
  <testcase classname="new_user_registration.Rebate" name="rebate" time="20.271"/>
  <testcase classname="new_user_registration.Rebate" name="rebate" time="20.263"/>
  <testcase classname="new_user_registration.Rebate" name="rebate" time="20.240"/>
  <testcase classname="new_user_registration.Rebate" name="rebate" time="20.268"/>
  <testcase classname="new_user_registration.Rebate" name="rebate" time="20.480"/>
  <testcase classname="new_user_registration.Rebate" name="rebate" time="20.234"/>
  <testcase classname="new_user_registration.Rebate" name="rebate" time="20.305"/>
  <testcase classname="new_user_registration.Rebate" name="rebate" time="20.364"/>
  <testcase classname="new_user_registration.Rebate" name="rebate" time="19.935"/>
  <testcase classname="new_user_registration.Rebate" name="rebate" time="20.002"/>
  <testcase classname="new_user_registration.Rebate" name="rebate" time="20.162"/>
  <testcase classname="new_user_registration.Rebate" name="rebate" time="20.214"/>
  <testcase classname="new_user_registration.Rebate" name="rebate" time="20.273"/>
  <testcase classname="new_user_registration.Rebate" name="rebate" time="20.238"/>
  <testcase classname="new_user_registration.Rebate" name="rebate" time="20.164"/>
  <testcase classname="new_user_registration.Rebate" name="rebate" time="20.347"/>
  <testcase classname="new_user_registration.Rebate" name="rebate" time="26.201"/>
  <testcase classname="new_user_registration.Rebate" name="rebate" time="20.125"/>
  <testcase classname="new_user_registration.Rebate" name="rebate" time="20.342"/>
</testsuite> <!-- new_user_registration.Rebate -->
