<?xml version="1.0" encoding="UTF-8"?>
<!-- Generated by org.testng.reporters.JUnitReportReporter -->
<testsuite hostname="INGROINFO-PC10" failures="0" tests="1" name="Misreports.WardWise" time="30.248" errors="0" timestamp="2023-08-18T15:18:47 IST" skipped="0">
  <testcase classname="Misreports.WardWise" name="Wardwise" time="30.248"/>
</testsuite> <!-- Misreports.WardWise -->
