<?xml version="1.0" encoding="UTF-8"?>
<!-- Generated by org.testng.reporters.JUnitReportReporter -->
<testsuite hostname="INGROINFO-PC10" failures="0" tests="19" name="new_user_registration.ConsumerDetails" time="530.593" errors="0" timestamp="2023-07-25T10:09:20 IST" skipped="0">
  <testcase classname="new_user_registration.ConsumerDetails" name="Modify_Consumer_Details" time="27.593"/>
  <testcase classname="new_user_registration.ConsumerDetails" name="Modify_Consumer_Details" time="31.304"/>
  <testcase classname="new_user_registration.ConsumerDetails" name="Modify_Consumer_Details" time="27.937"/>
  <testcase classname="new_user_registration.ConsumerDetails" name="Modify_Consumer_Details" time="27.878"/>
  <testcase classname="new_user_registration.ConsumerDetails" name="Modify_Consumer_Details" time="27.361"/>
  <testcase classname="new_user_registration.ConsumerDetails" name="Modify_Consumer_Details" time="27.683"/>
  <testcase classname="new_user_registration.ConsumerDetails" name="Modify_Consumer_Details" time="27.848"/>
  <testcase classname="new_user_registration.ConsumerDetails" name="Modify_Consumer_Details" time="27.963"/>
  <testcase classname="new_user_registration.ConsumerDetails" name="Modify_Consumer_Details" time="28.387"/>
  <testcase classname="new_user_registration.ConsumerDetails" name="Modify_Consumer_Details" time="28.200"/>
  <testcase classname="new_user_registration.ConsumerDetails" name="Modify_Consumer_Details" time="28.303"/>
  <testcase classname="new_user_registration.ConsumerDetails" name="Modify_Consumer_Details" time="25.468"/>
  <testcase classname="new_user_registration.ConsumerDetails" name="Modify_Consumer_Details" time="27.985"/>
  <testcase classname="new_user_registration.ConsumerDetails" name="Modify_Consumer_Details" time="27.577"/>
  <testcase classname="new_user_registration.ConsumerDetails" name="Modify_Consumer_Details" time="27.910"/>
  <testcase classname="new_user_registration.ConsumerDetails" name="Modify_Consumer_Details" time="27.581"/>
  <testcase classname="new_user_registration.ConsumerDetails" name="Modify_Consumer_Details" time="28.037"/>
  <testcase classname="new_user_registration.ConsumerDetails" name="Modify_Consumer_Details" time="27.678"/>
  <testcase classname="new_user_registration.ConsumerDetails" name="Modify_Consumer_Details" time="27.900"/>
</testsuite> <!-- new_user_registration.ConsumerDetails -->
