<?xml version="1.0" encoding="UTF-8"?>
<!-- Generated by org.testng.reporters.JUnitReportReporter -->
<testsuite hostname="INGROINFO-PC10" failures="0" tests="23" name="CRM.RegisterForm" time="117.076" errors="0" timestamp="2023-09-06T16:11:41 IST" skipped="0">
  <testcase classname="CRM.RegisterForm" name="publicCompaint" time="4.959"/>
  <testcase classname="CRM.RegisterForm" name="publicCompaint" time="4.976"/>
  <testcase classname="CRM.RegisterForm" name="publicCompaint" time="4.914"/>
  <testcase classname="CRM.RegisterForm" name="publicCompaint" time="4.918"/>
  <testcase classname="CRM.RegisterForm" name="publicCompaint" time="4.985"/>
  <testcase classname="CRM.RegisterForm" name="publicCompaint" time="6.119"/>
  <testcase classname="CRM.RegisterForm" name="publicCompaint" time="4.954"/>
  <testcase classname="CRM.RegisterForm" name="publicCompaint" time="5.219"/>
  <testcase classname="CRM.RegisterForm" name="publicCompaint" time="4.916"/>
  <testcase classname="CRM.RegisterForm" name="publicCompaint" time="5.214"/>
  <testcase classname="CRM.RegisterForm" name="publicCompaint" time="4.943"/>
  <testcase classname="CRM.RegisterForm" name="publicCompaint" time="6.110"/>
  <testcase classname="CRM.RegisterForm" name="publicCompaint" time="5.011"/>
  <testcase classname="CRM.RegisterForm" name="publicCompaint" time="4.918"/>
  <testcase classname="CRM.RegisterForm" name="publicCompaint" time="4.973"/>
  <testcase classname="CRM.RegisterForm" name="publicCompaint" time="4.987"/>
  <testcase classname="CRM.RegisterForm" name="publicCompaint" time="4.940"/>
  <testcase classname="CRM.RegisterForm" name="publicCompaint" time="4.852"/>
  <testcase classname="CRM.RegisterForm" name="publicCompaint" time="4.949"/>
  <testcase classname="CRM.RegisterForm" name="publicCompaint" time="4.997"/>
  <testcase classname="CRM.RegisterForm" name="publicCompaint" time="4.957"/>
  <testcase classname="CRM.RegisterForm" name="publicCompaint" time="5.303"/>
  <testcase classname="CRM.RegisterForm" name="publicCompaint" time="4.962"/>
</testsuite> <!-- CRM.RegisterForm -->
