<?xml version="1.0" encoding="UTF-8"?>
<!-- Generated by org.testng.reporters.JUnitReportReporter -->
<testsuite hostname="INGROINFO-PC10" failures="0" tests="1" name="new_user_registration.TariffWiseReport" time="34.102" errors="0" timestamp="2023-08-08T11:06:04 IST" skipped="0">
  <testcase classname="new_user_registration.TariffWiseReport" name="reports_abstract" time="34.102"/>
</testsuite> <!-- new_user_registration.TariffWiseReport -->
