<?xml version="1.0" encoding="UTF-8"?>
<!-- Generated by org.testng.reporters.JUnitReportReporter -->
<testsuite hostname="INGROINFO-PC10" failures="0" tests="1" name="MisReportDetail.WardWise" time="41.446" errors="0" timestamp="2023-08-16T16:00:53 IST" skipped="0">
  <testcase classname="MisReportDetail.WardWise" name="Wardwise" time="41.446"/>
</testsuite> <!-- MisReportDetail.WardWise -->
