<?xml version="1.0" encoding="UTF-8"?>
<!-- Generated by org.testng.reporters.JUnitReportReporter -->
<testsuite hostname="INGROINFO-PC10" failures="0" tests="19" name="new_user_registration.Disconnection" time="407.543" errors="0" timestamp="2023-07-21T13:55:13 IST" skipped="0">
  <testcase classname="new_user_registration.Disconnection" name="Dis_connection" time="20.900"/>
  <testcase classname="new_user_registration.Disconnection" name="Dis_connection" time="21.080"/>
  <testcase classname="new_user_registration.Disconnection" name="Dis_connection" time="20.637"/>
  <testcase classname="new_user_registration.Disconnection" name="Dis_connection" time="20.713"/>
  <testcase classname="new_user_registration.Disconnection" name="Dis_connection" time="20.757"/>
  <testcase classname="new_user_registration.Disconnection" name="Dis_connection" time="20.193"/>
  <testcase classname="new_user_registration.Disconnection" name="Dis_connection" time="20.872"/>
  <testcase classname="new_user_registration.Disconnection" name="Dis_connection" time="20.815"/>
  <testcase classname="new_user_registration.Disconnection" name="Dis_connection" time="20.642"/>
  <testcase classname="new_user_registration.Disconnection" name="Dis_connection" time="20.712"/>
  <testcase classname="new_user_registration.Disconnection" name="Dis_connection" time="20.550"/>
  <testcase classname="new_user_registration.Disconnection" name="Dis_connection" time="20.575"/>
  <testcase classname="new_user_registration.Disconnection" name="Dis_connection" time="20.618"/>
  <testcase classname="new_user_registration.Disconnection" name="Dis_connection" time="20.840"/>
  <testcase classname="new_user_registration.Disconnection" name="Dis_connection" time="20.858"/>
  <testcase classname="new_user_registration.Disconnection" name="Dis_connection" time="26.604"/>
  <testcase classname="new_user_registration.Disconnection" name="Dis_connection" time="20.829"/>
  <testcase classname="new_user_registration.Disconnection" name="Dis_connection" time="28.648"/>
  <testcase classname="new_user_registration.Disconnection" name="Dis_connection" time="20.700"/>
</testsuite> <!-- new_user_registration.Disconnection -->
