<?xml version="1.0" encoding="UTF-8"?>
<!-- Generated by org.testng.reporters.JUnitReportReporter -->
<testsuite hostname="INGROINFO-PC10" failures="0" tests="43" name="CashCounter.ReceiptCancellation" time="494.352" errors="0" timestamp="2023-08-26T17:47:04 IST" skipped="0">
  <testcase classname="CashCounter.ReceiptCancellation" name="Receiptcancel" time="10.501"/>
  <testcase classname="CashCounter.ReceiptCancellation" name="Receiptcancel" time="10.512"/>
  <testcase classname="CashCounter.ReceiptCancellation" name="Receiptcancel" time="10.540"/>
  <testcase classname="CashCounter.ReceiptCancellation" name="Receiptcancel" time="10.492"/>
  <testcase classname="CashCounter.ReceiptCancellation" name="Receiptcancel" time="10.364"/>
  <testcase classname="CashCounter.ReceiptCancellation" name="Receiptcancel" time="12.478"/>
  <testcase classname="CashCounter.ReceiptCancellation" name="Receiptcancel" time="10.654"/>
  <testcase classname="CashCounter.ReceiptCancellation" name="Receiptcancel" time="12.460"/>
  <testcase classname="CashCounter.ReceiptCancellation" name="Receiptcancel" time="12.476"/>
  <testcase classname="CashCounter.ReceiptCancellation" name="Receiptcancel" time="12.620"/>
  <testcase classname="CashCounter.ReceiptCancellation" name="Receiptcancel" time="10.322"/>
  <testcase classname="CashCounter.ReceiptCancellation" name="Receiptcancel" time="12.480"/>
  <testcase classname="CashCounter.ReceiptCancellation" name="Receiptcancel" time="12.604"/>
  <testcase classname="CashCounter.ReceiptCancellation" name="Receiptcancel" time="10.534"/>
  <testcase classname="CashCounter.ReceiptCancellation" name="Receiptcancel" time="12.510"/>
  <testcase classname="CashCounter.ReceiptCancellation" name="Receiptcancel" time="14.810"/>
  <testcase classname="CashCounter.ReceiptCancellation" name="Receiptcancel" time="10.321"/>
  <testcase classname="CashCounter.ReceiptCancellation" name="Receiptcancel" time="12.459"/>
  <testcase classname="CashCounter.ReceiptCancellation" name="Receiptcancel" time="12.468"/>
  <testcase classname="CashCounter.ReceiptCancellation" name="Receiptcancel" time="10.417"/>
  <testcase classname="CashCounter.ReceiptCancellation" name="Receiptcancel" time="10.308"/>
  <testcase classname="CashCounter.ReceiptCancellation" name="Receiptcancel" time="10.443"/>
  <testcase classname="CashCounter.ReceiptCancellation" name="Receiptcancel" time="12.559"/>
  <testcase classname="CashCounter.ReceiptCancellation" name="Receiptcancel" time="10.285"/>
  <testcase classname="CashCounter.ReceiptCancellation" name="Receiptcancel" time="10.425"/>
  <testcase classname="CashCounter.ReceiptCancellation" name="Receiptcancel" time="10.199"/>
  <testcase classname="CashCounter.ReceiptCancellation" name="Receiptcancel" time="12.816"/>
  <testcase classname="CashCounter.ReceiptCancellation" name="Receiptcancel" time="12.379"/>
  <testcase classname="CashCounter.ReceiptCancellation" name="Receiptcancel" time="12.665"/>
  <testcase classname="CashCounter.ReceiptCancellation" name="Receiptcancel" time="10.317"/>
  <testcase classname="CashCounter.ReceiptCancellation" name="Receiptcancel" time="10.143"/>
  <testcase classname="CashCounter.ReceiptCancellation" name="Receiptcancel" time="10.368"/>
  <testcase classname="CashCounter.ReceiptCancellation" name="Receiptcancel" time="14.941"/>
  <testcase classname="CashCounter.ReceiptCancellation" name="Receiptcancel" time="12.427"/>
  <testcase classname="CashCounter.ReceiptCancellation" name="Receiptcancel" time="10.360"/>
  <testcase classname="CashCounter.ReceiptCancellation" name="Receiptcancel" time="10.719"/>
  <testcase classname="CashCounter.ReceiptCancellation" name="Receiptcancel" time="12.491"/>
  <testcase classname="CashCounter.ReceiptCancellation" name="Receiptcancel" time="10.408"/>
  <testcase classname="CashCounter.ReceiptCancellation" name="Receiptcancel" time="10.418"/>
  <testcase classname="CashCounter.ReceiptCancellation" name="Receiptcancel" time="12.399"/>
  <testcase classname="CashCounter.ReceiptCancellation" name="Receiptcancel" time="10.429"/>
  <testcase classname="CashCounter.ReceiptCancellation" name="Receiptcancel" time="12.333"/>
  <testcase classname="CashCounter.ReceiptCancellation" name="Receiptcancel" time="12.498"/>
</testsuite> <!-- CashCounter.ReceiptCancellation -->
