<?xml version="1.0" encoding="UTF-8"?>
<!-- Generated by org.testng.reporters.JUnitReportReporter -->
<testsuite hostname="INGROINFO-PC10" failures="0" tests="1" name="CRM.CrmReports" time="7.521" errors="0" timestamp="2023-09-01T14:34:12 IST" skipped="0">
  <testcase classname="CRM.CrmReports" name="crmReport" time="7.521"/>
</testsuite> <!-- CRM.CrmReports -->
