<?xml version="1.0" encoding="UTF-8"?>
<!-- Generated by org.testng.reporters.JUnitReportReporter -->
<testsuite hostname="INGROINFO-PC10" failures="0" tests="1" name="MisReportDetail.LNTReport" time="4.218" errors="0" timestamp="2023-08-17T11:11:24 IST" skipped="0">
  <testcase classname="MisReportDetail.LNTReport" name="Lnt_Report" time="4.218"/>
</testsuite> <!-- MisReportDetail.LNTReport -->
