<?xml version="1.0" encoding="UTF-8"?>
<!-- Generated by org.testng.reporters.JUnitReportReporter -->
<testsuite hostname="INGROINFO-PC10" failures="0" tests="10" name="new_user_registration.Wrong_Posting" time="250.013" errors="0" timestamp="2023-08-02T16:27:41 IST" skipped="0">
  <testcase classname="new_user_registration.Wrong_Posting" name="wrong_posting" time="26.447"/>
  <testcase classname="new_user_registration.Wrong_Posting" name="wrong_posting" time="27.039"/>
  <testcase classname="new_user_registration.Wrong_Posting" name="wrong_posting" time="22.215"/>
  <testcase classname="new_user_registration.Wrong_Posting" name="wrong_posting" time="26.946"/>
  <testcase classname="new_user_registration.Wrong_Posting" name="wrong_posting" time="24.227"/>
  <testcase classname="new_user_registration.Wrong_Posting" name="wrong_posting" time="22.457"/>
  <testcase classname="new_user_registration.Wrong_Posting" name="wrong_posting" time="26.899"/>
  <testcase classname="new_user_registration.Wrong_Posting" name="wrong_posting" time="24.472"/>
  <testcase classname="new_user_registration.Wrong_Posting" name="wrong_posting" time="26.861"/>
  <testcase classname="new_user_registration.Wrong_Posting" name="wrong_posting" time="22.450"/>
</testsuite> <!-- new_user_registration.Wrong_Posting -->
