<?xml version="1.0" encoding="UTF-8"?>
<!-- Generated by org.testng.reporters.JUnitReportReporter -->
<testsuite hostname="INGROINFO-PC10" failures="0" tests="51" name="new_user_registration.Mis_reports" time="1079.207" errors="0" timestamp="2023-08-15T14:33:18 IST" skipped="1">
  <testcase classname="new_user_registration.Mis_reports" name="Dis_connection" time="21.628"/>
  <testcase classname="new_user_registration.Mis_reports" name="Dis_connection" time="21.431"/>
  <testcase classname="new_user_registration.Mis_reports" name="Dis_connection" time="21.322"/>
  <testcase classname="new_user_registration.Mis_reports" name="Dis_connection" time="21.685"/>
  <testcase classname="new_user_registration.Mis_reports" name="Dis_connection" time="21.586"/>
  <testcase classname="new_user_registration.Mis_reports" name="Dis_connection" time="21.365"/>
  <testcase classname="new_user_registration.Mis_reports" name="Dis_connection" time="21.593"/>
  <testcase classname="new_user_registration.Mis_reports" name="Dis_connection" time="21.457"/>
  <testcase classname="new_user_registration.Mis_reports" name="Dis_connection" time="21.671"/>
  <testcase classname="new_user_registration.Mis_reports" name="Dis_connection" time="21.462"/>
  <testcase classname="new_user_registration.Mis_reports" name="Dis_connection" time="25.134"/>
  <testcase classname="new_user_registration.Mis_reports" name="Dis_connection" time="21.477"/>
  <testcase classname="new_user_registration.Mis_reports" name="Dis_connection" time="21.630"/>
  <testcase classname="new_user_registration.Mis_reports" name="Dis_connection" time="21.380"/>
  <testcase classname="new_user_registration.Mis_reports" name="Dis_connection" time="21.365"/>
  <testcase classname="new_user_registration.Mis_reports" name="Dis_connection" time="21.476"/>
  <testcase classname="new_user_registration.Mis_reports" name="Dis_connection" time="21.453"/>
  <testcase classname="new_user_registration.Mis_reports" name="Dis_connection" time="21.374"/>
  <testcase classname="new_user_registration.Mis_reports" name="Dis_connection" time="21.624"/>
  <testcase classname="new_user_registration.Mis_reports" name="Dis_connection" time="21.530"/>
  <testcase classname="new_user_registration.Mis_reports" name="Dis_connection" time="21.602"/>
  <testcase classname="new_user_registration.Mis_reports" name="Dis_connection" time="21.349"/>
  <testcase classname="new_user_registration.Mis_reports" name="Dis_connection" time="21.429"/>
  <testcase classname="new_user_registration.Mis_reports" name="Dis_connection" time="21.554"/>
  <testcase classname="new_user_registration.Mis_reports" name="Dis_connection" time="21.511"/>
  <testcase classname="new_user_registration.Mis_reports" name="Dis_connection" time="21.528"/>
  <testcase classname="new_user_registration.Mis_reports" name="Dis_connection" time="21.439"/>
  <testcase classname="new_user_registration.Mis_reports" name="Dis_connection" time="21.704"/>
  <testcase classname="new_user_registration.Mis_reports" name="Dis_connection" time="21.571"/>
  <testcase classname="new_user_registration.Mis_reports" name="Dis_connection" time="21.527"/>
  <testcase classname="new_user_registration.Mis_reports" name="Dis_connection" time="21.603"/>
  <testcase classname="new_user_registration.Mis_reports" name="Dis_connection" time="21.507"/>
  <testcase classname="new_user_registration.Mis_reports" name="Dis_connection" time="21.488"/>
  <testcase classname="new_user_registration.Mis_reports" name="Dis_connection" time="21.406"/>
  <testcase classname="new_user_registration.Mis_reports" name="Dis_connection" time="21.581"/>
  <testcase classname="new_user_registration.Mis_reports" name="Dis_connection" time="21.771"/>
  <testcase classname="new_user_registration.Mis_reports" name="Dis_connection" time="21.694"/>
  <testcase classname="new_user_registration.Mis_reports" name="Dis_connection" time="21.596"/>
  <testcase classname="new_user_registration.Mis_reports" name="Dis_connection" time="21.463"/>
  <testcase classname="new_user_registration.Mis_reports" name="Dis_connection" time="21.361"/>
  <testcase classname="new_user_registration.Mis_reports" name="Dis_connection" time="21.472"/>
  <testcase classname="new_user_registration.Mis_reports" name="Dis_connection" time="21.487"/>
  <testcase classname="new_user_registration.Mis_reports" name="Dis_connection" time="21.432"/>
  <testcase classname="new_user_registration.Mis_reports" name="Dis_connection" time="21.485"/>
  <testcase classname="new_user_registration.Mis_reports" name="Dis_connection" time="21.546"/>
  <testcase classname="new_user_registration.Mis_reports" name="Dis_connection" time="21.375"/>
  <testcase classname="new_user_registration.Mis_reports" name="Dis_connection" time="21.467"/>
  <testcase classname="new_user_registration.Mis_reports" name="Dis_connection" time="21.495"/>
  <testcase classname="new_user_registration.Mis_reports" name="Dis_connection" time="21.466"/>
  <testcase classname="new_user_registration.Mis_reports" name="Dis_connection" time="21.655"/>
  <testcase classname="new_user_registration.Mis_reports" name="reports">
    <skipped/>
  </testcase> <!-- reports -->
</testsuite> <!-- new_user_registration.Mis_reports -->
