<?xml version="1.0" encoding="UTF-8"?>
<!-- Generated by org.testng.reporters.JUnitReportReporter -->
<testsuite hostname="INGROINFO-PC10" failures="0" tests="19" name="new_user_registration.DepositDetails" time="128.793" errors="0" timestamp="2023-07-21T14:46:20 IST" skipped="0">
  <testcase classname="new_user_registration.DepositDetails" name="Deposit_Details" time="4.558"/>
  <testcase classname="new_user_registration.DepositDetails" name="Deposit_Details" time="8.013"/>
  <testcase classname="new_user_registration.DepositDetails" name="Deposit_Details" time="8.103"/>
  <testcase classname="new_user_registration.DepositDetails" name="Deposit_Details" time="7.984"/>
  <testcase classname="new_user_registration.DepositDetails" name="Deposit_Details" time="7.948"/>
  <testcase classname="new_user_registration.DepositDetails" name="Deposit_Details" time="4.587"/>
  <testcase classname="new_user_registration.DepositDetails" name="Deposit_Details" time="4.600"/>
  <testcase classname="new_user_registration.DepositDetails" name="Deposit_Details" time="10.870"/>
  <testcase classname="new_user_registration.DepositDetails" name="Deposit_Details" time="4.618"/>
  <testcase classname="new_user_registration.DepositDetails" name="Deposit_Details" time="4.568"/>
  <testcase classname="new_user_registration.DepositDetails" name="Deposit_Details" time="8.462"/>
  <testcase classname="new_user_registration.DepositDetails" name="Deposit_Details" time="4.589"/>
  <testcase classname="new_user_registration.DepositDetails" name="Deposit_Details" time="8.689"/>
  <testcase classname="new_user_registration.DepositDetails" name="Deposit_Details" time="7.962"/>
  <testcase classname="new_user_registration.DepositDetails" name="Deposit_Details" time="7.973"/>
  <testcase classname="new_user_registration.DepositDetails" name="Deposit_Details" time="8.103"/>
  <testcase classname="new_user_registration.DepositDetails" name="Deposit_Details" time="7.976"/>
  <testcase classname="new_user_registration.DepositDetails" name="Deposit_Details" time="4.567"/>
  <testcase classname="new_user_registration.DepositDetails" name="Deposit_Details" time="4.623"/>
</testsuite> <!-- new_user_registration.DepositDetails -->
