<?xml version="1.0" encoding="UTF-8"?>
<!-- Generated by org.testng.reporters.JUnitReportReporter -->
<testsuite hostname="INGROINFO-PC10" failures="0" tests="99" name="CashCounter.Payment_Entry" time="797.600" errors="0" timestamp="2023-08-26T11:13:52 IST" skipped="0">
  <testcase classname="CashCounter.Payment_Entry" name="paymentEntry" time="7.094"/>
  <testcase classname="CashCounter.Payment_Entry" name="paymentEntry" time="8.383"/>
  <testcase classname="CashCounter.Payment_Entry" name="paymentEntry" time="8.389"/>
  <testcase classname="CashCounter.Payment_Entry" name="paymentEntry" time="7.129"/>
  <testcase classname="CashCounter.Payment_Entry" name="paymentEntry" time="8.355"/>
  <testcase classname="CashCounter.Payment_Entry" name="paymentEntry" time="8.472"/>
  <testcase classname="CashCounter.Payment_Entry" name="paymentEntry" time="8.426"/>
  <testcase classname="CashCounter.Payment_Entry" name="paymentEntry" time="8.635"/>
  <testcase classname="CashCounter.Payment_Entry" name="paymentEntry" time="8.394"/>
  <testcase classname="CashCounter.Payment_Entry" name="paymentEntry" time="8.396"/>
  <testcase classname="CashCounter.Payment_Entry" name="paymentEntry" time="7.213"/>
  <testcase classname="CashCounter.Payment_Entry" name="paymentEntry" time="7.142"/>
  <testcase classname="CashCounter.Payment_Entry" name="paymentEntry" time="8.435"/>
  <testcase classname="CashCounter.Payment_Entry" name="paymentEntry" time="7.133"/>
  <testcase classname="CashCounter.Payment_Entry" name="paymentEntry" time="8.378"/>
  <testcase classname="CashCounter.Payment_Entry" name="paymentEntry" time="8.412"/>
  <testcase classname="CashCounter.Payment_Entry" name="paymentEntry" time="8.410"/>
  <testcase classname="CashCounter.Payment_Entry" name="paymentEntry" time="7.143"/>
  <testcase classname="CashCounter.Payment_Entry" name="paymentEntry" time="7.089"/>
  <testcase classname="CashCounter.Payment_Entry" name="paymentEntry" time="7.065"/>
  <testcase classname="CashCounter.Payment_Entry" name="paymentEntry" time="8.458"/>
  <testcase classname="CashCounter.Payment_Entry" name="paymentEntry" time="8.473"/>
  <testcase classname="CashCounter.Payment_Entry" name="paymentEntry" time="8.418"/>
  <testcase classname="CashCounter.Payment_Entry" name="paymentEntry" time="8.339"/>
  <testcase classname="CashCounter.Payment_Entry" name="paymentEntry" time="8.732"/>
  <testcase classname="CashCounter.Payment_Entry" name="paymentEntry" time="7.133"/>
  <testcase classname="CashCounter.Payment_Entry" name="paymentEntry" time="7.122"/>
  <testcase classname="CashCounter.Payment_Entry" name="paymentEntry" time="7.123"/>
  <testcase classname="CashCounter.Payment_Entry" name="paymentEntry" time="7.191"/>
  <testcase classname="CashCounter.Payment_Entry" name="paymentEntry" time="8.448"/>
  <testcase classname="CashCounter.Payment_Entry" name="paymentEntry" time="8.440"/>
  <testcase classname="CashCounter.Payment_Entry" name="paymentEntry" time="8.438"/>
  <testcase classname="CashCounter.Payment_Entry" name="paymentEntry" time="8.573"/>
  <testcase classname="CashCounter.Payment_Entry" name="paymentEntry" time="8.444"/>
  <testcase classname="CashCounter.Payment_Entry" name="paymentEntry" time="8.339"/>
  <testcase classname="CashCounter.Payment_Entry" name="paymentEntry" time="7.088"/>
  <testcase classname="CashCounter.Payment_Entry" name="paymentEntry" time="7.145"/>
  <testcase classname="CashCounter.Payment_Entry" name="paymentEntry" time="7.105"/>
  <testcase classname="CashCounter.Payment_Entry" name="paymentEntry" time="8.529"/>
  <testcase classname="CashCounter.Payment_Entry" name="paymentEntry" time="7.103"/>
  <testcase classname="CashCounter.Payment_Entry" name="paymentEntry" time="7.313"/>
  <testcase classname="CashCounter.Payment_Entry" name="paymentEntry" time="8.360"/>
  <testcase classname="CashCounter.Payment_Entry" name="paymentEntry" time="8.452"/>
  <testcase classname="CashCounter.Payment_Entry" name="paymentEntry" time="8.443"/>
  <testcase classname="CashCounter.Payment_Entry" name="paymentEntry" time="8.470"/>
  <testcase classname="CashCounter.Payment_Entry" name="paymentEntry" time="8.410"/>
  <testcase classname="CashCounter.Payment_Entry" name="paymentEntry" time="8.410"/>
  <testcase classname="CashCounter.Payment_Entry" name="paymentEntry" time="8.380"/>
  <testcase classname="CashCounter.Payment_Entry" name="paymentEntry" time="7.171"/>
  <testcase classname="CashCounter.Payment_Entry" name="paymentEntry" time="8.352"/>
  <testcase classname="CashCounter.Payment_Entry" name="paymentEntry" time="7.142"/>
  <testcase classname="CashCounter.Payment_Entry" name="paymentEntry" time="7.120"/>
  <testcase classname="CashCounter.Payment_Entry" name="paymentEntry" time="8.494"/>
  <testcase classname="CashCounter.Payment_Entry" name="paymentEntry" time="8.569"/>
  <testcase classname="CashCounter.Payment_Entry" name="paymentEntry" time="7.178"/>
  <testcase classname="CashCounter.Payment_Entry" name="paymentEntry" time="7.210"/>
  <testcase classname="CashCounter.Payment_Entry" name="paymentEntry" time="8.440"/>
  <testcase classname="CashCounter.Payment_Entry" name="paymentEntry" time="7.131"/>
  <testcase classname="CashCounter.Payment_Entry" name="paymentEntry" time="8.341"/>
  <testcase classname="CashCounter.Payment_Entry" name="paymentEntry" time="7.110"/>
  <testcase classname="CashCounter.Payment_Entry" name="paymentEntry" time="8.317"/>
  <testcase classname="CashCounter.Payment_Entry" name="paymentEntry" time="8.387"/>
  <testcase classname="CashCounter.Payment_Entry" name="paymentEntry" time="7.160"/>
  <testcase classname="CashCounter.Payment_Entry" name="paymentEntry" time="8.464"/>
  <testcase classname="CashCounter.Payment_Entry" name="paymentEntry" time="8.461"/>
  <testcase classname="CashCounter.Payment_Entry" name="paymentEntry" time="8.435"/>
  <testcase classname="CashCounter.Payment_Entry" name="paymentEntry" time="10.831"/>
  <testcase classname="CashCounter.Payment_Entry" name="paymentEntry" time="7.098"/>
  <testcase classname="CashCounter.Payment_Entry" name="paymentEntry" time="8.380"/>
  <testcase classname="CashCounter.Payment_Entry" name="paymentEntry" time="8.399"/>
  <testcase classname="CashCounter.Payment_Entry" name="paymentEntry" time="9.141"/>
  <testcase classname="CashCounter.Payment_Entry" name="paymentEntry" time="8.477"/>
  <testcase classname="CashCounter.Payment_Entry" name="paymentEntry" time="8.340"/>
  <testcase classname="CashCounter.Payment_Entry" name="paymentEntry" time="7.189"/>
  <testcase classname="CashCounter.Payment_Entry" name="paymentEntry" time="8.304"/>
  <testcase classname="CashCounter.Payment_Entry" name="paymentEntry" time="8.463"/>
  <testcase classname="CashCounter.Payment_Entry" name="paymentEntry" time="8.441"/>
  <testcase classname="CashCounter.Payment_Entry" name="paymentEntry" time="8.417"/>
  <testcase classname="CashCounter.Payment_Entry" name="paymentEntry" time="8.398"/>
  <testcase classname="CashCounter.Payment_Entry" name="paymentEntry" time="8.352"/>
  <testcase classname="CashCounter.Payment_Entry" name="paymentEntry" time="9.441"/>
  <testcase classname="CashCounter.Payment_Entry" name="paymentEntry" time="8.415"/>
  <testcase classname="CashCounter.Payment_Entry" name="paymentEntry" time="8.489"/>
  <testcase classname="CashCounter.Payment_Entry" name="paymentEntry" time="7.118"/>
  <testcase classname="CashCounter.Payment_Entry" name="paymentEntry" time="8.540"/>
  <testcase classname="CashCounter.Payment_Entry" name="paymentEntry" time="7.138"/>
  <testcase classname="CashCounter.Payment_Entry" name="paymentEntry" time="8.411"/>
  <testcase classname="CashCounter.Payment_Entry" name="paymentEntry" time="8.675"/>
  <testcase classname="CashCounter.Payment_Entry" name="paymentEntry" time="8.435"/>
  <testcase classname="CashCounter.Payment_Entry" name="paymentEntry" time="8.353"/>
  <testcase classname="CashCounter.Payment_Entry" name="paymentEntry" time="8.361"/>
  <testcase classname="CashCounter.Payment_Entry" name="paymentEntry" time="8.458"/>
  <testcase classname="CashCounter.Payment_Entry" name="paymentEntry" time="8.431"/>
  <testcase classname="CashCounter.Payment_Entry" name="paymentEntry" time="7.160"/>
  <testcase classname="CashCounter.Payment_Entry" name="paymentEntry" time="8.297"/>
  <testcase classname="CashCounter.Payment_Entry" name="paymentEntry" time="7.114"/>
  <testcase classname="CashCounter.Payment_Entry" name="paymentEntry" time="8.493"/>
  <testcase classname="CashCounter.Payment_Entry" name="paymentEntry" time="8.479"/>
  <testcase classname="CashCounter.Payment_Entry" name="paymentEntry" time="7.108"/>
</testsuite> <!-- CashCounter.Payment_Entry -->
