<?xml version="1.0" encoding="UTF-8"?>
<!-- Generated by org.testng.reporters.JUnitReportReporter -->
<testsuite hostname="INGROINFO-PC10" failures="0" tests="1" name="Login2" time="8.234" errors="0" timestamp="2023-07-12T17:37:25 IST" skipped="0">
  <testcase classname="Login2" name="Billing_Revenue_Management" time="8.234"/>
</testsuite> <!-- Login2 -->
