<?xml version="1.0" encoding="UTF-8"?>
<!-- Generated by org.testng.reporters.JUnitReportReporter -->
<testsuite hostname="INGROINFO-PC10" failures="0" tests="1" name="MisReportDetail.DMAWise" time="40.569" errors="0" timestamp="2023-08-16T15:57:51 IST" skipped="0">
  <testcase classname="MisReportDetail.DMAWise" name="DMA_Wise" time="40.569"/>
</testsuite> <!-- MisReportDetail.DMAWise -->
