<?xml version="1.0" encoding="UTF-8"?>
<!-- Generated by org.testng.reporters.JUnitReportReporter -->
<testsuite hostname="INGROINFO-PC10" failures="0" tests="20" name="Login" time="515.001" errors="0" timestamp="2023-07-13T10:09:10 IST" skipped="0">
  <testcase classname="Login" name="Billing_Revenue_Management_Login" time="15.324"/>
  <testcase classname="Login" name="Billing_Revenue_Management_Login" time="58.152"/>
  <testcase classname="Login" name="Billing_Revenue_Management_Login" time="33.698"/>
  <testcase classname="Login" name="Billing_Revenue_Management_Login" time="13.778"/>
  <testcase classname="Login" name="Billing_Revenue_Management_Login" time="22.485"/>
  <testcase classname="Login" name="Billing_Revenue_Management_Login" time="11.693"/>
  <testcase classname="Login" name="Billing_Revenue_Management_Login" time="64.650"/>
  <testcase classname="Login" name="Billing_Revenue_Management_Login" time="12.585"/>
  <testcase classname="Login" name="Billing_Revenue_Management_Login" time="18.903"/>
  <testcase classname="Login" name="Billing_Revenue_Management_Login" time="17.612"/>
  <testcase classname="Login" name="Billing_Revenue_Management_Login" time="10.514"/>
  <testcase classname="Login" name="Billing_Revenue_Management_Login" time="16.492"/>
  <testcase classname="Login" name="Billing_Revenue_Management_Login" time="31.816"/>
  <testcase classname="Login" name="Billing_Revenue_Management_Login" time="58.032"/>
  <testcase classname="Login" name="Billing_Revenue_Management_Login" time="22.756"/>
  <testcase classname="Login" name="Billing_Revenue_Management_Login" time="13.477"/>
  <testcase classname="Login" name="Billing_Revenue_Management_Login" time="12.216"/>
  <testcase classname="Login" name="Billing_Revenue_Management_Login" time="17.153"/>
  <testcase classname="Login" name="Billing_Revenue_Management_Login" time="37.584"/>
  <testcase classname="Login" name="Billing_Revenue_Management_Login" time="26.081"/>
</testsuite> <!-- Login -->
