<?xml version="1.0" encoding="UTF-8"?>
<!-- Generated by org.testng.reporters.JUnitReportReporter -->
<testsuite hostname="INGROINFO-PC10" failures="0" tests="8" name="CashCounter.UserManagement_cashier" time="22.703" errors="0" timestamp="2023-08-24T10:22:59 IST" skipped="0">
  <testcase classname="CashCounter.UserManagement_cashier" name="CashCounter" time="3.138"/>
  <testcase classname="CashCounter.UserManagement_cashier" name="CashCounter" time="2.762"/>
  <testcase classname="CashCounter.UserManagement_cashier" name="CashCounter" time="2.793"/>
  <testcase classname="CashCounter.UserManagement_cashier" name="CashCounter" time="2.990"/>
  <testcase classname="CashCounter.UserManagement_cashier" name="CashCounter" time="2.760"/>
  <testcase classname="CashCounter.UserManagement_cashier" name="CashCounter" time="2.705"/>
  <testcase classname="CashCounter.UserManagement_cashier" name="CashCounter" time="2.783"/>
  <testcase classname="CashCounter.UserManagement_cashier" name="CashCounter" time="2.772"/>
</testsuite> <!-- CashCounter.UserManagement_cashier -->
