<?xml version="1.0" encoding="UTF-8"?>
<!-- Generated by org.testng.reporters.JUnitReportReporter -->
<testsuite hostname="INGROINFO-PC10" failures="0" tests="1" name="Misreports.TariffWiseReport" time="26.767" errors="0" timestamp="2023-08-18T14:18:01 IST" skipped="0">
  <testcase classname="Misreports.TariffWiseReport" name="reports_abstract" time="26.767"/>
</testsuite> <!-- Misreports.TariffWiseReport -->
