<?xml version="1.0" encoding="UTF-8"?>
<!-- Generated by org.testng.reporters.JUnitReportReporter -->
<testsuite hostname="INGROINFO-PC10" failures="0" tests="19" name="new_user_registration.Reconnection" time="402.276" errors="0" timestamp="2023-07-21T13:34:27 IST" skipped="0">
  <testcase classname="new_user_registration.Reconnection" name="Re_connection" time="20.467"/>
  <testcase classname="new_user_registration.Reconnection" name="Re_connection" time="20.563"/>
  <testcase classname="new_user_registration.Reconnection" name="Re_connection" time="20.927"/>
  <testcase classname="new_user_registration.Reconnection" name="Re_connection" time="20.600"/>
  <testcase classname="new_user_registration.Reconnection" name="Re_connection" time="20.987"/>
  <testcase classname="new_user_registration.Reconnection" name="Re_connection" time="20.865"/>
  <testcase classname="new_user_registration.Reconnection" name="Re_connection" time="25.068"/>
  <testcase classname="new_user_registration.Reconnection" name="Re_connection" time="20.780"/>
  <testcase classname="new_user_registration.Reconnection" name="Re_connection" time="20.583"/>
  <testcase classname="new_user_registration.Reconnection" name="Re_connection" time="20.846"/>
  <testcase classname="new_user_registration.Reconnection" name="Re_connection" time="20.758"/>
  <testcase classname="new_user_registration.Reconnection" name="Re_connection" time="20.863"/>
  <testcase classname="new_user_registration.Reconnection" name="Re_connection" time="20.732"/>
  <testcase classname="new_user_registration.Reconnection" name="Re_connection" time="20.702"/>
  <testcase classname="new_user_registration.Reconnection" name="Re_connection" time="20.651"/>
  <testcase classname="new_user_registration.Reconnection" name="Re_connection" time="20.890"/>
  <testcase classname="new_user_registration.Reconnection" name="Re_connection" time="20.803"/>
  <testcase classname="new_user_registration.Reconnection" name="Re_connection" time="20.877"/>
  <testcase classname="new_user_registration.Reconnection" name="Re_connection" time="24.314"/>
</testsuite> <!-- new_user_registration.Reconnection -->
