<?xml version="1.0" encoding="UTF-8"?>
<!-- Generated by org.testng.reporters.JUnitReportReporter -->
<testsuite hostname="INGROINFO-PC10" failures="0" tests="1" name="CashCounter.RunAllCashCounter" time="154.967" errors="0" timestamp="2023-09-07T11:19:56 IST" skipped="0">
  <testcase classname="CashCounter.RunAllCashCounter" name="RunAll_CashCounter" time="154.967"/>
</testsuite> <!-- CashCounter.RunAllCashCounter -->
