<?xml version="1.0" encoding="UTF-8"?>
<!-- Generated by org.testng.reporters.JUnitReportReporter -->
<testsuite hostname="INGROINFO-PC10" failures="0" tests="20" name="new_user_registration.Manual_Cash_Entry" time="497.933" errors="0" timestamp="2023-08-02T14:30:00 IST" skipped="0">
  <testcase classname="new_user_registration.Manual_Cash_Entry" name="manual_cash_entry" time="27.611"/>
  <testcase classname="new_user_registration.Manual_Cash_Entry" name="manual_cash_entry" time="25.034"/>
  <testcase classname="new_user_registration.Manual_Cash_Entry" name="manual_cash_entry" time="29.439"/>
  <testcase classname="new_user_registration.Manual_Cash_Entry" name="manual_cash_entry" time="27.226"/>
  <testcase classname="new_user_registration.Manual_Cash_Entry" name="manual_cash_entry" time="21.981"/>
  <testcase classname="new_user_registration.Manual_Cash_Entry" name="manual_cash_entry" time="24.552"/>
  <testcase classname="new_user_registration.Manual_Cash_Entry" name="manual_cash_entry" time="27.882"/>
  <testcase classname="new_user_registration.Manual_Cash_Entry" name="manual_cash_entry" time="22.529"/>
  <testcase classname="new_user_registration.Manual_Cash_Entry" name="manual_cash_entry" time="29.353"/>
  <testcase classname="new_user_registration.Manual_Cash_Entry" name="manual_cash_entry" time="22.268"/>
  <testcase classname="new_user_registration.Manual_Cash_Entry" name="manual_cash_entry" time="29.595"/>
  <testcase classname="new_user_registration.Manual_Cash_Entry" name="manual_cash_entry" time="27.860"/>
  <testcase classname="new_user_registration.Manual_Cash_Entry" name="manual_cash_entry" time="21.594"/>
  <testcase classname="new_user_registration.Manual_Cash_Entry" name="manual_cash_entry" time="22.439"/>
  <testcase classname="new_user_registration.Manual_Cash_Entry" name="manual_cash_entry" time="22.046"/>
  <testcase classname="new_user_registration.Manual_Cash_Entry" name="manual_cash_entry" time="22.180"/>
  <testcase classname="new_user_registration.Manual_Cash_Entry" name="manual_cash_entry" time="22.495"/>
  <testcase classname="new_user_registration.Manual_Cash_Entry" name="manual_cash_entry" time="24.935"/>
  <testcase classname="new_user_registration.Manual_Cash_Entry" name="manual_cash_entry" time="24.516"/>
  <testcase classname="new_user_registration.Manual_Cash_Entry" name="manual_cash_entry" time="22.398"/>
</testsuite> <!-- new_user_registration.Manual_Cash_Entry -->
