<?xml version="1.0" encoding="UTF-8"?>
<!-- Generated by org.testng.reporters.JUnitReportReporter -->
<testsuite hostname="INGROINFO-PC10" failures="0" tests="19" name="new_user_registration.TariffChanges" time="454.524" errors="0" timestamp="2023-07-21T15:38:07 IST" skipped="0">
  <testcase classname="new_user_registration.TariffChanges" name="Tariff_Change" time="23.624"/>
  <testcase classname="new_user_registration.TariffChanges" name="Tariff_Change" time="23.664"/>
  <testcase classname="new_user_registration.TariffChanges" name="Tariff_Change" time="23.578"/>
  <testcase classname="new_user_registration.TariffChanges" name="Tariff_Change" time="23.245"/>
  <testcase classname="new_user_registration.TariffChanges" name="Tariff_Change" time="23.738"/>
  <testcase classname="new_user_registration.TariffChanges" name="Tariff_Change" time="26.755"/>
  <testcase classname="new_user_registration.TariffChanges" name="Tariff_Change" time="23.670"/>
  <testcase classname="new_user_registration.TariffChanges" name="Tariff_Change" time="29.314"/>
  <testcase classname="new_user_registration.TariffChanges" name="Tariff_Change" time="23.728"/>
  <testcase classname="new_user_registration.TariffChanges" name="Tariff_Change" time="23.514"/>
  <testcase classname="new_user_registration.TariffChanges" name="Tariff_Change" time="23.383"/>
  <testcase classname="new_user_registration.TariffChanges" name="Tariff_Change" time="23.484"/>
  <testcase classname="new_user_registration.TariffChanges" name="Tariff_Change" time="23.553"/>
  <testcase classname="new_user_registration.TariffChanges" name="Tariff_Change" time="23.560"/>
  <testcase classname="new_user_registration.TariffChanges" name="Tariff_Change" time="21.550"/>
  <testcase classname="new_user_registration.TariffChanges" name="Tariff_Change" time="23.695"/>
  <testcase classname="new_user_registration.TariffChanges" name="Tariff_Change" time="23.394"/>
  <testcase classname="new_user_registration.TariffChanges" name="Tariff_Change" time="23.527"/>
  <testcase classname="new_user_registration.TariffChanges" name="Tariff_Change" time="23.548"/>
</testsuite> <!-- new_user_registration.TariffChanges -->
