<?xml version="1.0" encoding="UTF-8"?>
<!-- Generated by org.testng.reporters.JUnitReportReporter -->
<testsuite hostname="INGROINFO-PC10" failures="0" tests="19" name="new_user_registration.Interest_Wave_Of" time="397.196" errors="0" timestamp="2023-07-25T15:35:44 IST" skipped="0">
  <testcase classname="new_user_registration.Interest_Wave_Of" name="interest" time="20.136"/>
  <testcase classname="new_user_registration.Interest_Wave_Of" name="interest" time="20.442"/>
  <testcase classname="new_user_registration.Interest_Wave_Of" name="interest" time="20.250"/>
  <testcase classname="new_user_registration.Interest_Wave_Of" name="interest" time="20.155"/>
  <testcase classname="new_user_registration.Interest_Wave_Of" name="interest" time="25.075"/>
  <testcase classname="new_user_registration.Interest_Wave_Of" name="interest" time="20.398"/>
  <testcase classname="new_user_registration.Interest_Wave_Of" name="interest" time="20.498"/>
  <testcase classname="new_user_registration.Interest_Wave_Of" name="interest" time="20.624"/>
  <testcase classname="new_user_registration.Interest_Wave_Of" name="interest" time="20.502"/>
  <testcase classname="new_user_registration.Interest_Wave_Of" name="interest" time="20.293"/>
  <testcase classname="new_user_registration.Interest_Wave_Of" name="interest" time="26.278"/>
  <testcase classname="new_user_registration.Interest_Wave_Of" name="interest" time="20.453"/>
  <testcase classname="new_user_registration.Interest_Wave_Of" name="interest" time="20.415"/>
  <testcase classname="new_user_registration.Interest_Wave_Of" name="interest" time="20.248"/>
  <testcase classname="new_user_registration.Interest_Wave_Of" name="interest" time="20.427"/>
  <testcase classname="new_user_registration.Interest_Wave_Of" name="interest" time="20.239"/>
  <testcase classname="new_user_registration.Interest_Wave_Of" name="interest" time="20.317"/>
  <testcase classname="new_user_registration.Interest_Wave_Of" name="interest" time="20.141"/>
  <testcase classname="new_user_registration.Interest_Wave_Of" name="interest" time="20.305"/>
</testsuite> <!-- new_user_registration.Interest_Wave_Of -->
