<?xml version="1.0" encoding="UTF-8"?>
<!-- Generated by org.testng.reporters.JUnitReportReporter -->
<testsuite hostname="INGROINFO-PC10" failures="0" tests="1" name="Misreports.DMAWiseReport" time="29.330" errors="0" timestamp="2023-08-18T15:08:22 IST" skipped="0">
  <testcase classname="Misreports.DMAWiseReport" name="DMAWise" time="29.330"/>
</testsuite> <!-- Misreports.DMAWiseReport -->
