<?xml version="1.0" encoding="UTF-8"?>
<!-- Generated by org.testng.reporters.JUnitReportReporter -->
<testsuite hostname="INGROINFO-PC10" failures="0" tests="20" name="consumer_portal.PublicComplain" time="27.983" errors="0" timestamp="2023-09-07T11:27:21 IST" skipped="0">
  <testcase classname="consumer_portal.PublicComplain" name="publicCompaint" time="0.949"/>
  <testcase classname="consumer_portal.PublicComplain" name="publicCompaint" time="1.857"/>
  <testcase classname="consumer_portal.PublicComplain" name="publicCompaint" time="0.951"/>
  <testcase classname="consumer_portal.PublicComplain" name="publicCompaint" time="0.947"/>
  <testcase classname="consumer_portal.PublicComplain" name="publicCompaint" time="0.945"/>
  <testcase classname="consumer_portal.PublicComplain" name="publicCompaint" time="1.851"/>
  <testcase classname="consumer_portal.PublicComplain" name="publicCompaint" time="0.912"/>
  <testcase classname="consumer_portal.PublicComplain" name="publicCompaint" time="1.847"/>
  <testcase classname="consumer_portal.PublicComplain" name="publicCompaint" time="1.775"/>
  <testcase classname="consumer_portal.PublicComplain" name="publicCompaint" time="1.842"/>
  <testcase classname="consumer_portal.PublicComplain" name="publicCompaint" time="0.895"/>
  <testcase classname="consumer_portal.PublicComplain" name="publicCompaint" time="1.241"/>
  <testcase classname="consumer_portal.PublicComplain" name="publicCompaint" time="1.837"/>
  <testcase classname="consumer_portal.PublicComplain" name="publicCompaint" time="1.770"/>
  <testcase classname="consumer_portal.PublicComplain" name="publicCompaint" time="0.978"/>
  <testcase classname="consumer_portal.PublicComplain" name="publicCompaint" time="1.862"/>
  <testcase classname="consumer_portal.PublicComplain" name="publicCompaint" time="1.818"/>
  <testcase classname="consumer_portal.PublicComplain" name="publicCompaint" time="0.901"/>
  <testcase classname="consumer_portal.PublicComplain" name="publicCompaint" time="1.794"/>
  <testcase classname="consumer_portal.PublicComplain" name="publicCompaint" time="1.011"/>
</testsuite> <!-- consumer_portal.PublicComplain -->
