<?xml version="1.0" encoding="UTF-8"?>
<!-- Generated by org.testng.reporters.JUnitReportReporter -->
<testsuite hostname="INGROINFO-PC10" failures="0" tests="99" name="CashCounter.BillEstimate" time="326.058" errors="0" timestamp="2023-08-26T16:04:08 IST" skipped="0">
  <testcase classname="CashCounter.BillEstimate" name="BillEstimation" time="2.426"/>
  <testcase classname="CashCounter.BillEstimate" name="BillEstimation" time="4.762"/>
  <testcase classname="CashCounter.BillEstimate" name="BillEstimation" time="2.348"/>
  <testcase classname="CashCounter.BillEstimate" name="BillEstimation" time="2.348"/>
  <testcase classname="CashCounter.BillEstimate" name="BillEstimation" time="2.413"/>
  <testcase classname="CashCounter.BillEstimate" name="BillEstimation" time="2.458"/>
  <testcase classname="CashCounter.BillEstimate" name="BillEstimation" time="2.311"/>
  <testcase classname="CashCounter.BillEstimate" name="BillEstimation" time="6.376"/>
  <testcase classname="CashCounter.BillEstimate" name="BillEstimation" time="4.736"/>
  <testcase classname="CashCounter.BillEstimate" name="BillEstimation" time="2.287"/>
  <testcase classname="CashCounter.BillEstimate" name="BillEstimation" time="2.311"/>
  <testcase classname="CashCounter.BillEstimate" name="BillEstimation" time="2.314"/>
  <testcase classname="CashCounter.BillEstimate" name="BillEstimation" time="2.544"/>
  <testcase classname="CashCounter.BillEstimate" name="BillEstimation" time="4.732"/>
  <testcase classname="CashCounter.BillEstimate" name="BillEstimation" time="4.675"/>
  <testcase classname="CashCounter.BillEstimate" name="BillEstimation" time="4.707"/>
  <testcase classname="CashCounter.BillEstimate" name="BillEstimation" time="4.740"/>
  <testcase classname="CashCounter.BillEstimate" name="BillEstimation" time="2.523"/>
  <testcase classname="CashCounter.BillEstimate" name="BillEstimation" time="2.336"/>
  <testcase classname="CashCounter.BillEstimate" name="BillEstimation" time="2.370"/>
  <testcase classname="CashCounter.BillEstimate" name="BillEstimation" time="4.693"/>
  <testcase classname="CashCounter.BillEstimate" name="BillEstimation" time="2.300"/>
  <testcase classname="CashCounter.BillEstimate" name="BillEstimation" time="4.744"/>
  <testcase classname="CashCounter.BillEstimate" name="BillEstimation" time="2.405"/>
  <testcase classname="CashCounter.BillEstimate" name="BillEstimation" time="2.384"/>
  <testcase classname="CashCounter.BillEstimate" name="BillEstimation" time="4.856"/>
  <testcase classname="CashCounter.BillEstimate" name="BillEstimation" time="4.846"/>
  <testcase classname="CashCounter.BillEstimate" name="BillEstimation" time="4.734"/>
  <testcase classname="CashCounter.BillEstimate" name="BillEstimation" time="2.364"/>
  <testcase classname="CashCounter.BillEstimate" name="BillEstimation" time="2.352"/>
  <testcase classname="CashCounter.BillEstimate" name="BillEstimation" time="2.393"/>
  <testcase classname="CashCounter.BillEstimate" name="BillEstimation" time="2.654"/>
  <testcase classname="CashCounter.BillEstimate" name="BillEstimation" time="4.771"/>
  <testcase classname="CashCounter.BillEstimate" name="BillEstimation" time="4.702"/>
  <testcase classname="CashCounter.BillEstimate" name="BillEstimation" time="2.467"/>
  <testcase classname="CashCounter.BillEstimate" name="BillEstimation" time="2.278"/>
  <testcase classname="CashCounter.BillEstimate" name="BillEstimation" time="4.726"/>
  <testcase classname="CashCounter.BillEstimate" name="BillEstimation" time="2.388"/>
  <testcase classname="CashCounter.BillEstimate" name="BillEstimation" time="2.288"/>
  <testcase classname="CashCounter.BillEstimate" name="BillEstimation" time="4.739"/>
  <testcase classname="CashCounter.BillEstimate" name="BillEstimation" time="4.735"/>
  <testcase classname="CashCounter.BillEstimate" name="BillEstimation" time="4.432"/>
  <testcase classname="CashCounter.BillEstimate" name="BillEstimation" time="2.290"/>
  <testcase classname="CashCounter.BillEstimate" name="BillEstimation" time="4.446"/>
  <testcase classname="CashCounter.BillEstimate" name="BillEstimation" time="2.364"/>
  <testcase classname="CashCounter.BillEstimate" name="BillEstimation" time="4.719"/>
  <testcase classname="CashCounter.BillEstimate" name="BillEstimation" time="2.316"/>
  <testcase classname="CashCounter.BillEstimate" name="BillEstimation" time="4.818"/>
  <testcase classname="CashCounter.BillEstimate" name="BillEstimation" time="2.324"/>
  <testcase classname="CashCounter.BillEstimate" name="BillEstimation" time="2.405"/>
  <testcase classname="CashCounter.BillEstimate" name="BillEstimation" time="4.678"/>
  <testcase classname="CashCounter.BillEstimate" name="BillEstimation" time="4.722"/>
  <testcase classname="CashCounter.BillEstimate" name="BillEstimation" time="4.772"/>
  <testcase classname="CashCounter.BillEstimate" name="BillEstimation" time="2.414"/>
  <testcase classname="CashCounter.BillEstimate" name="BillEstimation" time="4.689"/>
  <testcase classname="CashCounter.BillEstimate" name="BillEstimation" time="2.388"/>
  <testcase classname="CashCounter.BillEstimate" name="BillEstimation" time="2.408"/>
  <testcase classname="CashCounter.BillEstimate" name="BillEstimation" time="4.774"/>
  <testcase classname="CashCounter.BillEstimate" name="BillEstimation" time="2.423"/>
  <testcase classname="CashCounter.BillEstimate" name="BillEstimation" time="2.457"/>
  <testcase classname="CashCounter.BillEstimate" name="BillEstimation" time="2.382"/>
  <testcase classname="CashCounter.BillEstimate" name="BillEstimation" time="4.678"/>
  <testcase classname="CashCounter.BillEstimate" name="BillEstimation" time="4.929"/>
  <testcase classname="CashCounter.BillEstimate" name="BillEstimation" time="4.656"/>
  <testcase classname="CashCounter.BillEstimate" name="BillEstimation" time="2.293"/>
  <testcase classname="CashCounter.BillEstimate" name="BillEstimation" time="4.755"/>
  <testcase classname="CashCounter.BillEstimate" name="BillEstimation" time="4.825"/>
  <testcase classname="CashCounter.BillEstimate" name="BillEstimation" time="4.707"/>
  <testcase classname="CashCounter.BillEstimate" name="BillEstimation" time="2.444"/>
  <testcase classname="CashCounter.BillEstimate" name="BillEstimation" time="2.256"/>
  <testcase classname="CashCounter.BillEstimate" name="BillEstimation" time="4.751"/>
  <testcase classname="CashCounter.BillEstimate" name="BillEstimation" time="2.391"/>
  <testcase classname="CashCounter.BillEstimate" name="BillEstimation" time="2.305"/>
  <testcase classname="CashCounter.BillEstimate" name="BillEstimation" time="4.458"/>
  <testcase classname="CashCounter.BillEstimate" name="BillEstimation" time="2.412"/>
  <testcase classname="CashCounter.BillEstimate" name="BillEstimation" time="2.311"/>
  <testcase classname="CashCounter.BillEstimate" name="BillEstimation" time="2.384"/>
  <testcase classname="CashCounter.BillEstimate" name="BillEstimation" time="2.328"/>
  <testcase classname="CashCounter.BillEstimate" name="BillEstimation" time="2.258"/>
  <testcase classname="CashCounter.BillEstimate" name="BillEstimation" time="4.774"/>
  <testcase classname="CashCounter.BillEstimate" name="BillEstimation" time="4.681"/>
  <testcase classname="CashCounter.BillEstimate" name="BillEstimation" time="2.429"/>
  <testcase classname="CashCounter.BillEstimate" name="BillEstimation" time="2.349"/>
  <testcase classname="CashCounter.BillEstimate" name="BillEstimation" time="4.740"/>
  <testcase classname="CashCounter.BillEstimate" name="BillEstimation" time="4.439"/>
  <testcase classname="CashCounter.BillEstimate" name="BillEstimation" time="2.436"/>
  <testcase classname="CashCounter.BillEstimate" name="BillEstimation" time="2.411"/>
  <testcase classname="CashCounter.BillEstimate" name="BillEstimation" time="2.274"/>
  <testcase classname="CashCounter.BillEstimate" name="BillEstimation" time="2.328"/>
  <testcase classname="CashCounter.BillEstimate" name="BillEstimation" time="2.354"/>
  <testcase classname="CashCounter.BillEstimate" name="BillEstimation" time="2.481"/>
  <testcase classname="CashCounter.BillEstimate" name="BillEstimation" time="2.398"/>
  <testcase classname="CashCounter.BillEstimate" name="BillEstimation" time="2.409"/>
  <testcase classname="CashCounter.BillEstimate" name="BillEstimation" time="2.599"/>
  <testcase classname="CashCounter.BillEstimate" name="BillEstimation" time="2.578"/>
  <testcase classname="CashCounter.BillEstimate" name="BillEstimation" time="2.386"/>
  <testcase classname="CashCounter.BillEstimate" name="BillEstimation" time="2.325"/>
  <testcase classname="CashCounter.BillEstimate" name="BillEstimation" time="2.296"/>
  <testcase classname="CashCounter.BillEstimate" name="BillEstimation" time="2.473"/>
</testsuite> <!-- CashCounter.BillEstimate -->
