<?xml version="1.0" encoding="UTF-8"?>
<!-- Generated by org.testng.reporters.JUnitReportReporter -->
<testsuite hostname="INGROINFO-PC10" failures="0" tests="1" name="Misreports.MRWiseReport" time="30.539" errors="0" timestamp="2023-08-18T14:59:42 IST" skipped="0">
  <testcase classname="Misreports.MRWiseReport" name="MRWise" time="30.539"/>
</testsuite> <!-- Misreports.MRWiseReport -->
