<?xml version="1.0" encoding="UTF-8"?>
<!-- Generated by org.testng.reporters.JUnitReportReporter -->
<testsuite hostname="INGROINFO-PC10" failures="0" tests="1" name="MisReportDetail.MRWise" time="39.520" errors="0" timestamp="2023-08-16T15:46:38 IST" skipped="0">
  <testcase classname="MisReportDetail.MRWise" name="Mr_Wise" time="39.520"/>
</testsuite> <!-- MisReportDetail.MRWise -->
