<?xml version="1.0" encoding="UTF-8"?>
<!-- Generated by org.testng.reporters.JUnitReportReporter -->
<testsuite hostname="INGROINFO-PC10" failures="0" tests="1" name="MisReportDetail.ZoneWise" time="39.208" errors="0" timestamp="2023-08-16T16:03:55 IST" skipped="0">
  <testcase classname="MisReportDetail.ZoneWise" name="zardwise" time="39.208"/>
</testsuite> <!-- MisReportDetail.ZoneWise -->
