<?xml version="1.0" encoding="UTF-8"?>
<!-- Generated by org.testng.reporters.JUnitReportReporter -->
<testsuite hostname="INGROINFO-PC10" failures="0" tests="26" name="CRM.Rconsumer_complain" time="190.041" errors="0" timestamp="2023-09-06T16:19:00 IST" skipped="0">
  <testcase classname="CRM.Rconsumer_complain" name="publicCompaint" time="7.282"/>
  <testcase classname="CRM.Rconsumer_complain" name="publicCompaint" time="7.369"/>
  <testcase classname="CRM.Rconsumer_complain" name="publicCompaint" time="7.249"/>
  <testcase classname="CRM.Rconsumer_complain" name="publicCompaint" time="7.281"/>
  <testcase classname="CRM.Rconsumer_complain" name="publicCompaint" time="7.318"/>
  <testcase classname="CRM.Rconsumer_complain" name="publicCompaint" time="7.300"/>
  <testcase classname="CRM.Rconsumer_complain" name="publicCompaint" time="9.034"/>
  <testcase classname="CRM.Rconsumer_complain" name="publicCompaint" time="4.922"/>
  <testcase classname="CRM.Rconsumer_complain" name="publicCompaint" time="7.333"/>
  <testcase classname="CRM.Rconsumer_complain" name="publicCompaint" time="7.395"/>
  <testcase classname="CRM.Rconsumer_complain" name="publicCompaint" time="7.239"/>
  <testcase classname="CRM.Rconsumer_complain" name="publicCompaint" time="8.590"/>
  <testcase classname="CRM.Rconsumer_complain" name="publicCompaint" time="7.195"/>
  <testcase classname="CRM.Rconsumer_complain" name="publicCompaint" time="7.248"/>
  <testcase classname="CRM.Rconsumer_complain" name="publicCompaint" time="7.388"/>
  <testcase classname="CRM.Rconsumer_complain" name="publicCompaint" time="7.305"/>
  <testcase classname="CRM.Rconsumer_complain" name="publicCompaint" time="7.290"/>
  <testcase classname="CRM.Rconsumer_complain" name="publicCompaint" time="7.201"/>
  <testcase classname="CRM.Rconsumer_complain" name="publicCompaint" time="7.288"/>
  <testcase classname="CRM.Rconsumer_complain" name="publicCompaint" time="7.208"/>
  <testcase classname="CRM.Rconsumer_complain" name="publicCompaint" time="7.319"/>
  <testcase classname="CRM.Rconsumer_complain" name="publicCompaint" time="7.259"/>
  <testcase classname="CRM.Rconsumer_complain" name="publicCompaint" time="7.235"/>
  <testcase classname="CRM.Rconsumer_complain" name="publicCompaint" time="7.281"/>
  <testcase classname="CRM.Rconsumer_complain" name="publicCompaint" time="7.239"/>
  <testcase classname="CRM.Rconsumer_complain" name="publicCompaint" time="7.273"/>
</testsuite> <!-- CRM.Rconsumer_complain -->
