<?xml version="1.0" encoding="UTF-8"?>
<!-- Generated by org.testng.reporters.JUnitReportReporter -->
<testsuite hostname="INGROINFO-PC10" failures="0" tests="1" name="Misreports.ZoneWise" time="25.344" errors="0" timestamp="2023-08-18T15:27:19 IST" skipped="0">
  <testcase classname="Misreports.ZoneWise" name="zonewise" time="25.344"/>
</testsuite> <!-- Misreports.ZoneWise -->
