<?xml version="1.0" encoding="UTF-8"?>
<!-- Generated by org.testng.reporters.JUnitReportReporter -->
<testsuite hostname="INGROINFO-PC10" failures="0" tests="1" name="CashCounter.CashCounterMisReport" time="21.191" errors="0" timestamp="2023-08-28T15:33:58 IST" skipped="0">
  <testcase classname="CashCounter.CashCounterMisReport" name="CashCounterReport" time="21.191"/>
</testsuite> <!-- CashCounter.CashCounterMisReport -->
